#
# There is insufficient memory for the Java Runtime Environment to continue.
# Native memory allocation (mmap) failed to map 163053568 bytes for committing reserved memory.
# Possible reasons:
#   The system is out of physical RAM or swap space
#   In 32 bit mode, the process size limit was hit
# Possible solutions:
#   Reduce memory load on the system
#   Increase physical memory or swap space
#   Check if swap backing store is full
#   Use 64 bit Java on a 64 bit OS
#   Decrease Java heap size (-Xmx/-Xms)
#   Decrease number of Java threads
#   Decrease Java thread stack sizes (-Xss)
#   Set larger code cache with -XX:ReservedCodeCacheSize=
# This output file may be truncated or incomplete.
#
#  Out of Memory Error (os_linux.cpp:2627), pid=14618, tid=140367655548672
#
# JRE version: Java(TM) SE Runtime Environment (8.0_91-b14) (build 1.8.0_91-b14)
# Java VM: Java HotSpot(TM) 64-Bit Server VM (25.91-b14 mixed mode linux-amd64 compressed oops)
# Failed to write core dump. Core dumps have been disabled. To enable core dumping, try "ulimit -c unlimited" before starting Java again
#

---------------  T H R E A D  ---------------

Current thread (0x00007fa9f4078000):  VMThread [stack: 0x00007fa9e42f3000,0x00007fa9e43f4000] [id=14628]

Stack: [0x00007fa9e42f3000,0x00007fa9e43f4000],  sp=0x00007fa9e43f2060,  free space=1020k
Native frames: (J=compiled Java code, j=interpreted, Vv=VM code, C=native code)
V  [libjvm.so+0xabc18a]  VMError::report_and_die()+0x2ba
V  [libjvm.so+0x4fafeb]  report_vm_out_of_memory(char const*, int, unsigned long, VMErrorType, char const*)+0x8b
V  [libjvm.so+0x91cbb3]  os::Linux::commit_memory_impl(char*, unsigned long, bool)+0x103
V  [libjvm.so+0x91d109]  os::pd_commit_memory(char*, unsigned long, unsigned long, bool)+0x29
V  [libjvm.so+0x91740a]  os::commit_memory(char*, unsigned long, unsigned long, bool)+0x2a
V  [libjvm.so+0x98b033]  PSVirtualSpace::expand_by(unsigned long)+0x53
V  [libjvm.so+0x97b920]  PSOldGen::expand(unsigned long)+0x170
V  [libjvm.so+0x97bb2b]  PSOldGen::resize(unsigned long)+0x1cb
V  [libjvm.so+0x983801]  PSParallelCompact::invoke_no_policy(bool)+0x991
V  [libjvm.so+0x98915d]  PSScavenge::invoke()+0x1ad
V  [libjvm.so+0x9408b0]  ParallelScavengeHeap::failed_mem_allocate(unsigned long)+0x70
V  [libjvm.so+0xabdba7]  VM_ParallelGCFailedAllocation::doit()+0x97
V  [libjvm.so+0xac55d5]  VM_Operation::evaluate()+0x55
V  [libjvm.so+0xac39aa]  VMThread::evaluate_operation(VM_Operation*)+0xba
V  [libjvm.so+0xac3d2e]  VMThread::loop()+0x1ce
V  [libjvm.so+0xac41a0]  VMThread::run()+0x70
V  [libjvm.so+0x91ef78]  java_start(Thread*)+0x108

VM_Operation (0x00007fa9ddb5be00): ParallelGCFailedAllocation, mode: safepoint, requested by thread 0x00007fa9f41cf000


---------------  P R O C E S S  ---------------

Java Threads: ( => current thread )
  0x00007fa9f41d2800 JavaThread "pool-2-thread-4" [_thread_blocked, id=14641, stack(0x00007fa9dd85b000,0x00007fa9dd95c000)]
  0x00007fa9f41d0800 JavaThread "pool-2-thread-3" [_thread_blocked, id=14640, stack(0x00007fa9dd95c000,0x00007fa9dda5d000)]
  0x00007fa9f41cf000 JavaThread "pool-2-thread-2" [_thread_blocked, id=14639, stack(0x00007fa9dda5d000,0x00007fa9ddb5e000)]
  0x00007fa9f41cd800 JavaThread "pool-3-thread-1" [_thread_blocked, id=14638, stack(0x00007fa9ddb5e000,0x00007fa9ddc5f000)]
  0x00007fa9f41cb800 JavaThread "pool-2-thread-1" [_thread_blocked, id=14637, stack(0x00007fa9ddc5f000,0x00007fa9ddd60000)]
  0x00007fa9f40c8800 JavaThread "Service Thread" daemon [_thread_blocked, id=14635, stack(0x00007fa9ddf5b000,0x00007fa9de05c000)]
  0x00007fa9f40bd000 JavaThread "C1 CompilerThread2" daemon [_thread_blocked, id=14634, stack(0x00007fa9de05c000,0x00007fa9de15d000)]
  0x00007fa9f40bb800 JavaThread "C2 CompilerThread1" daemon [_thread_blocked, id=14633, stack(0x00007fa9de15d000,0x00007fa9de25e000)]
  0x00007fa9f40b8800 JavaThread "C2 CompilerThread0" daemon [_thread_blocked, id=14632, stack(0x00007fa9de25e000,0x00007fa9de35f000)]
  0x00007fa9f40b7000 JavaThread "Signal Dispatcher" daemon [_thread_blocked, id=14631, stack(0x00007fa9de35f000,0x00007fa9de460000)]
  0x00007fa9f4084000 JavaThread "Finalizer" daemon [_thread_blocked, id=14630, stack(0x00007fa9e40f1000,0x00007fa9e41f2000)]
  0x00007fa9f407f800 JavaThread "Reference Handler" daemon [_thread_blocked, id=14629, stack(0x00007fa9e41f2000,0x00007fa9e42f3000)]
  0x00007fa9f400a000 JavaThread "main" [_thread_blocked, id=14623, stack(0x00007fa9fca3b000,0x00007fa9fcb3c000)]

Other Threads:
=>0x00007fa9f4078000 VMThread [stack: 0x00007fa9e42f3000,0x00007fa9e43f4000] [id=14628]
  0x00007fa9f40cb000 WatcherThread [stack: 0x00007fa9dde5a000,0x00007fa9ddf5b000] [id=14636]

VM state:at safepoint (normal execution)

VM Mutex/Monitor currently owned by a thread:  ([mutex/lock_event])
[0x00007fa9f4005ed0] ExpandHeap_lock - owner thread: 0x00007fa9f4078000
[0x00007fa9f4006550] Threads_lock - owner thread: 0x00007fa9f4078000
[0x00007fa9f4006a50] Heap_lock - owner thread: 0x00007fa9f41cf000

Heap:
 PSYoungGen      total 232960K, used 37062K [0x00000000eab00000, 0x0000000100000000, 0x0000000100000000)
  eden space 116736K, 0% used [0x00000000eab00000,0x00000000eab00000,0x00000000f1d00000)
  from space 116224K, 31% used [0x00000000f1d00000,0x00000000f4131940,0x00000000f8e80000)
  to   space 116224K, 0% used [0x00000000f8e80000,0x00000000f8e80000,0x0000000100000000)
 ParOldGen       total 494592K, used 494128K [0x00000000c0000000, 0x00000000de300000, 0x00000000eab00000)
  object space 494592K, 99% used [0x00000000c0000000,0x00000000de28c200,0x00000000de300000)
 Metaspace       used 6610K, capacity 7320K, committed 7680K, reserved 1056768K
  class space    used 617K, capacity 656K, committed 768K, reserved 1048576K

Card table byte_map: [0x00007fa9f95fa000,0x00007fa9f97fb000] byte_map_base: 0x00007fa9f8ffa000

Marking Bits: (ParMarkBitMap*) 0x00007fa9fbf10d60
 Begin Bits: [0x00007fa9d3000000, 0x00007fa9d4000000)
 End Bits:   [0x00007fa9d4000000, 0x00007fa9d5000000)

Polling page: 0x00007fa9fcb59000

CodeCache: size=245760Kb used=11215Kb max_used=12223Kb free=234544Kb
 bounds [0x00007fa9e5000000, 0x00007fa9e5c10000, 0x00007fa9f4000000]
 total_blobs=2526 nmethods=2257 adapters=182
 compilation: enabled

Compilation events (10 events):
Event: 29.452 Thread 0x00007fa9f40bd000 2917       2       com.android.dx.util.ListIntSet$1::hasNext (23 bytes)
Event: 29.452 Thread 0x00007fa9f40bd000 nmethod 2917 0x00007fa9e5224490 code [0x00007fa9e5224600, 0x00007fa9e5224770]
Event: 29.453 Thread 0x00007fa9f40bd000 2918       2       com.android.dx.util.ListIntSet::iterator (9 bytes)
Event: 29.453 Thread 0x00007fa9f40bd000 nmethod 2918 0x00007fa9e5231610 code [0x00007fa9e5231780, 0x00007fa9e5231930]
Event: 29.453 Thread 0x00007fa9f40bd000 2919       2       com.android.dx.util.ListIntSet$1::next (37 bytes)
Event: 29.454 Thread 0x00007fa9f40bd000 nmethod 2919 0x00007fa9e5404510 code [0x00007fa9e54046a0, 0x00007fa9e54048f8]
Event: 29.463 Thread 0x00007fa9f40bd000 2921       2       com.android.dx.ssa.Dominators::make (17 bytes)
Event: 29.463 Thread 0x00007fa9f40bd000 nmethod 2921 0x00007fa9e524b190 code [0x00007fa9e524b300, 0x00007fa9e524b4d8]
Event: 29.529 Thread 0x00007fa9f40b8800 nmethod 2893% 0x00007fa9e53ecd10 code [0x00007fa9e53ed000, 0x00007fa9e53ef298]
Event: 29.529 Thread 0x00007fa9f40b8800 2920 %     4       com.android.dx.ssa.SsaConverter::placePhiFunctions @ 264 (394 bytes)

GC Heap History (10 events):
Event: 26.979 GC heap after
Heap after GC invocations=30 (full 5):
 PSYoungGen      total 175616K, used 53464K [0x00000000eab00000, 0x00000000ff500000, 0x0000000100000000)
  eden space 121856K, 0% used [0x00000000eab00000,0x00000000eab00000,0x00000000f2200000)
  from space 53760K, 99% used [0x00000000f2200000,0x00000000f56360d8,0x00000000f5680000)
  to   space 107008K, 0% used [0x00000000f8c80000,0x00000000f8c80000,0x00000000ff500000)
 ParOldGen       total 494592K, used 400833K [0x00000000c0000000, 0x00000000de300000, 0x00000000eab00000)
  object space 494592K, 81% used [0x00000000c0000000,0x00000000d8770460,0x00000000de300000)
 Metaspace       used 6598K, capacity 7320K, committed 7680K, reserved 1056768K
  class space    used 616K, capacity 656K, committed 768K, reserved 1048576K
}
Event: 27.496 GC heap before
{Heap before GC invocations=31 (full 5):
 PSYoungGen      total 175616K, used 175320K [0x00000000eab00000, 0x00000000ff500000, 0x0000000100000000)
  eden space 121856K, 100% used [0x00000000eab00000,0x00000000f2200000,0x00000000f2200000)
  from space 53760K, 99% used [0x00000000f2200000,0x00000000f56360d8,0x00000000f5680000)
  to   space 107008K, 0% used [0x00000000f8c80000,0x00000000f8c80000,0x00000000ff500000)
 ParOldGen       total 494592K, used 400833K [0x00000000c0000000, 0x00000000de300000, 0x00000000eab00000)
  object space 494592K, 81% used [0x00000000c0000000,0x00000000d8770460,0x00000000de300000)
 Metaspace       used 6599K, capacity 7320K, committed 7680K, reserved 1056768K
  class space    used 616K, capacity 656K, committed 768K, reserved 1048576K
Event: 27.619 GC heap after
Heap after GC invocations=31 (full 5):
 PSYoungGen      total 227840K, used 71352K [0x00000000eab00000, 0x0000000100000000, 0x0000000100000000)
  eden space 120832K, 0% used [0x00000000eab00000,0x00000000eab00000,0x00000000f2100000)
  from space 107008K, 66% used [0x00000000f8c80000,0x00000000fd22e320,0x00000000ff500000)
  to   space 110080K, 0% used [0x00000000f2100000,0x00000000f2100000,0x00000000f8c80000)
 ParOldGen       total 494592K, used 400833K [0x00000000c0000000, 0x00000000de300000, 0x00000000eab00000)
  object space 494592K, 81% used [0x00000000c0000000,0x00000000d8770460,0x00000000de300000)
 Metaspace       used 6599K, capacity 7320K, committed 7680K, reserved 1056768K
  class space    used 616K, capacity 656K, committed 768K, reserved 1048576K
}
Event: 28.085 GC heap before
{Heap before GC invocations=32 (full 5):
 PSYoungGen      total 227840K, used 192184K [0x00000000eab00000, 0x0000000100000000, 0x0000000100000000)
  eden space 120832K, 100% used [0x00000000eab00000,0x00000000f2100000,0x00000000f2100000)
  from space 107008K, 66% used [0x00000000f8c80000,0x00000000fd22e320,0x00000000ff500000)
  to   space 110080K, 0% used [0x00000000f2100000,0x00000000f2100000,0x00000000f8c80000)
 ParOldGen       total 494592K, used 400833K [0x00000000c0000000, 0x00000000de300000, 0x00000000eab00000)
  object space 494592K, 81% used [0x00000000c0000000,0x00000000d8770460,0x00000000de300000)
 Metaspace       used 6600K, capacity 7320K, committed 7680K, reserved 1056768K
  class space    used 616K, capacity 656K, committed 768K, reserved 1048576K
Event: 28.220 GC heap after
Heap after GC invocations=32 (full 5):
 PSYoungGen      total 230912K, used 89832K [0x00000000eab00000, 0x0000000100000000, 0x0000000100000000)
  eden space 120832K, 0% used [0x00000000eab00000,0x00000000eab00000,0x00000000f2100000)
  from space 110080K, 81% used [0x00000000f2100000,0x00000000f78ba3f0,0x00000000f8c80000)
  to   space 116224K, 0% used [0x00000000f8e80000,0x00000000f8e80000,0x0000000100000000)
 ParOldGen       total 494592K, used 400833K [0x00000000c0000000, 0x00000000de300000, 0x00000000eab00000)
  object space 494592K, 81% used [0x00000000c0000000,0x00000000d8770460,0x00000000de300000)
 Metaspace       used 6600K, capacity 7320K, committed 7680K, reserved 1056768K
  class space    used 616K, capacity 656K, committed 768K, reserved 1048576K
}
Event: 28.738 GC heap before
{Heap before GC invocations=33 (full 5):
 PSYoungGen      total 230912K, used 210664K [0x00000000eab00000, 0x0000000100000000, 0x0000000100000000)
  eden space 120832K, 100% used [0x00000000eab00000,0x00000000f2100000,0x00000000f2100000)
  from space 110080K, 81% used [0x00000000f2100000,0x00000000f78ba3f0,0x00000000f8c80000)
  to   space 116224K, 0% used [0x00000000f8e80000,0x00000000f8e80000,0x0000000100000000)
 ParOldGen       total 494592K, used 400833K [0x00000000c0000000, 0x00000000de300000, 0x00000000eab00000)
  object space 494592K, 81% used [0x00000000c0000000,0x00000000d8770460,0x00000000de300000)
 Metaspace       used 6600K, capacity 7320K, committed 7680K, reserved 1056768K
  class space    used 616K, capacity 656K, committed 768K, reserved 1048576K
Event: 29.067 GC heap after
Heap after GC invocations=33 (full 5):
 PSYoungGen      total 232960K, used 76486K [0x00000000eab00000, 0x0000000100000000, 0x0000000100000000)
  eden space 116736K, 0% used [0x00000000eab00000,0x00000000eab00000,0x00000000f1d00000)
  from space 116224K, 65% used [0x00000000f8e80000,0x00000000fd931910,0x0000000100000000)
  to   space 116224K, 0% used [0x00000000f1d00000,0x00000000f1d00000,0x00000000f8e80000)
 ParOldGen       total 494592K, used 435106K [0x00000000c0000000, 0x00000000de300000, 0x00000000eab00000)
  object space 494592K, 87% used [0x00000000c0000000,0x00000000da8e8818,0x00000000de300000)
 Metaspace       used 6600K, capacity 7320K, committed 7680K, reserved 1056768K
  class space    used 616K, capacity 656K, committed 768K, reserved 1048576K
}
Event: 29.541 GC heap before
{Heap before GC invocations=34 (full 5):
 PSYoungGen      total 232960K, used 193222K [0x00000000eab00000, 0x0000000100000000, 0x0000000100000000)
  eden space 116736K, 100% used [0x00000000eab00000,0x00000000f1d00000,0x00000000f1d00000)
  from space 116224K, 65% used [0x00000000f8e80000,0x00000000fd931910,0x0000000100000000)
  to   space 116224K, 0% used [0x00000000f1d00000,0x00000000f1d00000,0x00000000f8e80000)
 ParOldGen       total 494592K, used 435106K [0x00000000c0000000, 0x00000000de300000, 0x00000000eab00000)
  object space 494592K, 87% used [0x00000000c0000000,0x00000000da8e8818,0x00000000de300000)
 Metaspace       used 6610K, capacity 7320K, committed 7680K, reserved 1056768K
  class space    used 617K, capacity 656K, committed 768K, reserved 1048576K
Event: 29.745 GC heap after
Heap after GC invocations=34 (full 5):
 PSYoungGen      total 232960K, used 61281K [0x00000000eab00000, 0x0000000100000000, 0x0000000100000000)
  eden space 116736K, 0% used [0x00000000eab00000,0x00000000eab00000,0x00000000f1d00000)
  from space 116224K, 52% used [0x00000000f1d00000,0x00000000f58d84c0,0x00000000f8e80000)
  to   space 116224K, 0% used [0x00000000f8e80000,0x00000000f8e80000,0x0000000100000000)
 ParOldGen       total 494592K, used 471773K [0x00000000c0000000, 0x00000000de300000, 0x00000000eab00000)
  object space 494592K, 95% used [0x00000000c0000000,0x00000000dccb7480,0x00000000de300000)
 Metaspace       used 6610K, capacity 7320K, committed 7680K, reserved 1056768K
  class space    used 617K, capacity 656K, committed 768K, reserved 1048576K
}
Event: 29.745 GC heap before
{Heap before GC invocations=35 (full 6):
 PSYoungGen      total 232960K, used 61281K [0x00000000eab00000, 0x0000000100000000, 0x0000000100000000)
  eden space 116736K, 0% used [0x00000000eab00000,0x00000000eab00000,0x00000000f1d00000)
  from space 116224K, 52% used [0x00000000f1d00000,0x00000000f58d84c0,0x00000000f8e80000)
  to   space 116224K, 0% used [0x00000000f8e80000,0x00000000f8e80000,0x0000000100000000)
 ParOldGen       total 494592K, used 471773K [0x00000000c0000000, 0x00000000de300000, 0x00000000eab00000)
  object space 494592K, 95% used [0x00000000c0000000,0x00000000dccb7480,0x00000000de300000)
 Metaspace       used 6610K, capacity 7320K, committed 7680K, reserved 1056768K
  class space    used 617K, capacity 656K, committed 768K, reserved 1048576K

Deoptimization events (10 events):
Event: 24.713 Thread 0x00007fa9f41cb800 Uncommon trap: reason=unstable_if action=reinterpret pc=0x00007fa9e5b7d42c method=com.android.dx.cf.code.Merger.mergeType(Lcom/android/dx/rop/type/TypeBearer;Lcom/android/dx/rop/type/TypeBearer;)Lcom/android/dx/rop/type/TypeBearer; @ 77
Event: 24.729 Thread 0x00007fa9f41cf000 Uncommon trap: reason=unstable_if action=reinterpret pc=0x00007fa9e5ab78dc method=com.android.dx.ssa.DeadCodeRemover.pruneDeadInstructions()V @ 49
Event: 25.101 Thread 0x00007fa9f400a000 Uncommon trap: reason=unstable_if action=reinterpret pc=0x00007fa9e5ba8280 method=com.android.dx.rop.code.BasicBlockList.preferredSuccessorOf(Lcom/android/dx/rop/code/BasicBlock;)Lcom/android/dx/rop/code/BasicBlock; @ 58
Event: 25.601 Thread 0x00007fa9f400a000 Uncommon trap: reason=unstable_if action=reinterpret pc=0x00007fa9e5bec6c8 method=com.android.dx.ssa.InterferenceRegisterMapper.interferes(III)Z @ 69
Event: 26.567 Thread 0x00007fa9f41d0800 Uncommon trap: reason=unstable_if action=reinterpret pc=0x00007fa9e5119dec method=com.android.dx.ssa.PhiInsn.getSources()Lcom/android/dx/rop/code/RegisterSpecList; @ 19
Event: 27.381 Thread 0x00007fa9f41d0800 Uncommon trap: reason=unstable_if action=reinterpret pc=0x00007fa9e51efd5c method=com.android.dx.cf.code.Merger.isPossiblyAssignableFrom(Lcom/android/dx/rop/type/TypeBearer;Lcom/android/dx/rop/type/TypeBearer;)Z @ 131
Event: 27.819 Thread 0x00007fa9f400a000 Uncommon trap: reason=unstable_if action=reinterpret pc=0x00007fa9e51555fc method=com.android.dx.ssa.SCCP.replaceBranches()V @ 14
Event: 28.006 Thread 0x00007fa9f41cb800 Uncommon trap: reason=unstable_if action=reinterpret pc=0x00007fa9e5752c8c method=java.util.HashMap$TreeNode.find(ILjava/lang/Object;Ljava/lang/Class;)Ljava/util/HashMap$TreeNode; @ 102
Event: 29.431 Thread 0x00007fa9f41cf000 Uncommon trap: reason=predicate action=maybe_recompile pc=0x00007fa9e5aa0ae0 method=com.android.dx.ssa.DomFront.run()[Lcom/android/dx/ssa/DomFront$DomInfo; @ 175
Event: 29.450 Thread 0x00007fa9f41cf000 Uncommon trap: reason=class_check action=maybe_recompile pc=0x00007fa9e5320988 method=com.android.dx.ssa.SsaConverter.placePhiFunctions(Lcom/android/dx/ssa/SsaMethod;Lcom/android/dx/ssa/LocalVariableInfo;I)V @ 257

Internal exceptions (6 events):
Event: 0.116 Thread 0x00007fa9f400a000 Exception <a 'java/lang/NoSuchMethodError': Method sun.misc.Unsafe.defineClass(Ljava/lang/String;[BII)Ljava/lang/Class; name or signature does not match> (0x00000000eab07cc0) thrown at [/HUDSON/workspace/8-2-build-linux-amd64/jdk8u91/6644/hotspot/src/shar
Event: 0.116 Thread 0x00007fa9f400a000 Exception <a 'java/lang/NoSuchMethodError': Method sun.misc.Unsafe.prefetchRead(Ljava/lang/Object;J)V name or signature does not match> (0x00000000eab07fa8) thrown at [/HUDSON/workspace/8-2-build-linux-amd64/jdk8u91/6644/hotspot/src/share/vm/prims/jni.cpp
Event: 1.817 Thread 0x00007fa9f400a000 Implicit null exception at 0x00007fa9e5311eab to 0x00007fa9e531480d
Event: 2.218 Thread 0x00007fa9f41d0800 Exception <a 'java/lang/ArrayIndexOutOfBoundsException': 18> (0x00000000ee21c4e8) thrown at [/HUDSON/workspace/8-2-build-linux-amd64/jdk8u91/6644/hotspot/src/share/vm/interpreter/interpreterRuntime.cpp, line 366]
Event: 2.219 Thread 0x00007fa9f41d0800 Exception <a 'java/lang/ArrayIndexOutOfBoundsException': 145> (0x00000000ee21e068) thrown at [/HUDSON/workspace/8-2-build-linux-amd64/jdk8u91/6644/hotspot/src/share/vm/interpreter/interpreterRuntime.cpp, line 366]
Event: 2.220 Thread 0x00007fa9f41d0800 Exception <a 'java/lang/ArrayIndexOutOfBoundsException': 40> (0x00000000ee21f350) thrown at [/HUDSON/workspace/8-2-build-linux-amd64/jdk8u91/6644/hotspot/src/share/vm/interpreter/interpreterRuntime.cpp, line 366]

Events (10 events):
Event: 29.450 Thread 0x00007fa9f41cf000 DEOPT UNPACKING pc=0x00007fa9e5005229 sp=0x00007fa9ddb5be68 mode 2
Event: 29.450 loading class com/android/dx/util/ListIntSet$1
Event: 29.450 loading class com/android/dx/util/ListIntSet$1 done
Event: 29.487 Thread 0x00007fa9f41cf000 DEOPT PACKING pc=0x00007fa9e5457e49 sp=0x00007fa9ddb5be50
Event: 29.487 Thread 0x00007fa9f41cf000 DEOPT UNPACKING pc=0x00007fa9e5047633 sp=0x00007fa9ddb5bc00 mode 0
Event: 29.499 Thread 0x00007fa9f41cf000 DEOPT PACKING pc=0x00007fa9e534b1f8 sp=0x00007fa9ddb5bcd0
Event: 29.499 Thread 0x00007fa9f41cf000 DEOPT UNPACKING pc=0x00007fa9e5047633 sp=0x00007fa9ddb5bad0 mode 0
Event: 29.510 Thread 0x00007fa9f41cf000 DEOPT PACKING pc=0x00007fa9e534b1f8 sp=0x00007fa9ddb5bcd0
Event: 29.510 Thread 0x00007fa9f41cf000 DEOPT UNPACKING pc=0x00007fa9e5047633 sp=0x00007fa9ddb5bad0 mode 0
Event: 29.541 Executing VM operation: ParallelGCFailedAllocation


Dynamic libraries:
00400000-00401000 r-xp 00000000 08:01 4220473                            /usr/lib/jvm/java-8-oracle/bin/java
00600000-00601000 rw-p 00000000 08:01 4220473                            /usr/lib/jvm/java-8-oracle/bin/java
0093f000-00960000 rw-p 00000000 00:00 0                                  [heap]
c0000000-de300000 rw-p 00000000 00:00 0 
e7e80000-eab00000 ---p 00000000 00:00 0 
eab00000-100000000 rw-p 00000000 00:00 0 
100000000-1000c0000 rw-p 00000000 00:00 0 
1000c0000-140000000 ---p 00000000 00:00 0 
7fa98c000000-7fa98c042000 rw-p 00000000 00:00 0 
7fa98c042000-7fa990000000 ---p 00000000 00:00 0 
7fa994000000-7fa994034000 rw-p 00000000 00:00 0 
7fa994034000-7fa998000000 ---p 00000000 00:00 0 
7fa998000000-7fa998036000 rw-p 00000000 00:00 0 
7fa998036000-7fa99c000000 ---p 00000000 00:00 0 
7fa99c000000-7fa99c044000 rw-p 00000000 00:00 0 
7fa99c044000-7fa9a0000000 ---p 00000000 00:00 0 
7fa9a0000000-7fa9a0021000 rw-p 00000000 00:00 0 
7fa9a0021000-7fa9a4000000 ---p 00000000 00:00 0 
7fa9a4000000-7fa9a4021000 rw-p 00000000 00:00 0 
7fa9a4021000-7fa9a8000000 ---p 00000000 00:00 0 
7fa9a8000000-7fa9a8021000 rw-p 00000000 00:00 0 
7fa9a8021000-7fa9ac000000 ---p 00000000 00:00 0 
7fa9ac000000-7fa9ad3c7000 rw-p 00000000 00:00 0 
7fa9ad3c7000-7fa9b0000000 ---p 00000000 00:00 0 
7fa9b0000000-7fa9b0b6e000 rw-p 00000000 00:00 0 
7fa9b0b6e000-7fa9b4000000 ---p 00000000 00:00 0 
7fa9b4000000-7fa9b4021000 rw-p 00000000 00:00 0 
7fa9b4021000-7fa9b8000000 ---p 00000000 00:00 0 
7fa9b8000000-7fa9b927a000 rw-p 00000000 00:00 0 
7fa9b927a000-7fa9bc000000 ---p 00000000 00:00 0 
7fa9bc000000-7fa9bc021000 rw-p 00000000 00:00 0 
7fa9bc021000-7fa9c0000000 ---p 00000000 00:00 0 
7fa9c0000000-7fa9c0021000 rw-p 00000000 00:00 0 
7fa9c0021000-7fa9c4000000 ---p 00000000 00:00 0 
7fa9c4000000-7fa9c4021000 rw-p 00000000 00:00 0 
7fa9c4021000-7fa9c8000000 ---p 00000000 00:00 0 
7fa9c8000000-7fa9c82a6000 rw-p 00000000 00:00 0 
7fa9c82a6000-7fa9cc000000 ---p 00000000 00:00 0 
7fa9cc000000-7fa9cc021000 rw-p 00000000 00:00 0 
7fa9cc021000-7fa9d0000000 ---p 00000000 00:00 0 
7fa9d3000000-7fa9d5000000 rw-p 00000000 00:00 0 
7fa9d8000000-7fa9d8021000 rw-p 00000000 00:00 0 
7fa9d8021000-7fa9dc000000 ---p 00000000 00:00 0 
7fa9dd85b000-7fa9dd85e000 ---p 00000000 00:00 0 
7fa9dd85e000-7fa9dd95c000 rw-p 00000000 00:00 0 
7fa9dd95c000-7fa9dd95f000 ---p 00000000 00:00 0 
7fa9dd95f000-7fa9dda5d000 rw-p 00000000 00:00 0 
7fa9dda5d000-7fa9dda60000 ---p 00000000 00:00 0 
7fa9dda60000-7fa9ddb5e000 rw-p 00000000 00:00 0 
7fa9ddb5e000-7fa9ddb61000 ---p 00000000 00:00 0 
7fa9ddb61000-7fa9ddc5f000 rw-p 00000000 00:00 0 
7fa9ddc5f000-7fa9ddc62000 ---p 00000000 00:00 0 
7fa9ddc62000-7fa9ddd60000 rw-p 00000000 00:00 0 
7fa9ddd60000-7fa9dde5a000 r--s 00a12000 08:01 9410                       /home/kathure/AndroidStudioProjects/Checkout/app/build/intermediates/transforms/jarMerging/debug/jars/1/1f/combined.jar
7fa9dde5a000-7fa9dde5b000 ---p 00000000 00:00 0 
7fa9dde5b000-7fa9ddf5b000 rw-p 00000000 00:00 0 
7fa9ddf5b000-7fa9ddf5e000 ---p 00000000 00:00 0 
7fa9ddf5e000-7fa9de05c000 rw-p 00000000 00:00 0 
7fa9de05c000-7fa9de05f000 ---p 00000000 00:00 0 
7fa9de05f000-7fa9de15d000 rw-p 00000000 00:00 0 
7fa9de15d000-7fa9de160000 ---p 00000000 00:00 0 
7fa9de160000-7fa9de25e000 rw-p 00000000 00:00 0 
7fa9de25e000-7fa9de261000 ---p 00000000 00:00 0 
7fa9de261000-7fa9de35f000 rw-p 00000000 00:00 0 
7fa9de35f000-7fa9de362000 ---p 00000000 00:00 0 
7fa9de362000-7fa9de460000 rw-p 00000000 00:00 0 
7fa9de460000-7fa9e0000000 r--p 00000000 08:01 3281191                    /usr/lib/locale/locale-archive
7fa9e0000000-7fa9e0021000 rw-p 00000000 00:00 0 
7fa9e0021000-7fa9e4000000 ---p 00000000 00:00 0 
7fa9e40f1000-7fa9e40f4000 ---p 00000000 00:00 0 
7fa9e40f4000-7fa9e41f2000 rw-p 00000000 00:00 0 
7fa9e41f2000-7fa9e41f5000 ---p 00000000 00:00 0 
7fa9e41f5000-7fa9e42f3000 rw-p 00000000 00:00 0 
7fa9e42f3000-7fa9e42f4000 ---p 00000000 00:00 0 
7fa9e42f4000-7fa9e5000000 rw-p 00000000 00:00 0 
7fa9e5000000-7fa9e5c10000 rwxp 00000000 00:00 0 
7fa9e5c10000-7fa9f4000000 ---p 00000000 00:00 0 
7fa9f4000000-7fa9f43ee000 rw-p 00000000 00:00 0 
7fa9f43ee000-7fa9f8000000 ---p 00000000 00:00 0 
7fa9f809c000-7fa9f8451000 rw-p 00000000 00:00 0 
7fa9f8451000-7fa9f862a000 r--s 03d1f000 08:01 3808615                    /usr/lib/jvm/java-8-oracle/jre/lib/rt.jar
7fa9f862a000-7fa9f8d60000 rw-p 00000000 00:00 0 
7fa9f8d60000-7fa9f8ea0000 ---p 00000000 00:00 0 
7fa9f8ea0000-7fa9f90a0000 rw-p 00000000 00:00 0 
7fa9f90a0000-7fa9f90a1000 ---p 00000000 00:00 0 
7fa9f90a1000-7fa9f91a1000 rw-p 00000000 00:00 0 
7fa9f91a1000-7fa9f91a2000 ---p 00000000 00:00 0 
7fa9f91a2000-7fa9f92a2000 rw-p 00000000 00:00 0 
7fa9f92a2000-7fa9f92a3000 ---p 00000000 00:00 0 
7fa9f92a3000-7fa9f93a3000 rw-p 00000000 00:00 0 
7fa9f93a3000-7fa9f93a4000 ---p 00000000 00:00 0 
7fa9f93a4000-7fa9f9596000 rw-p 00000000 00:00 0 
7fa9f9596000-7fa9f95fa000 ---p 00000000 00:00 0 
7fa9f95fa000-7fa9f96ec000 rw-p 00000000 00:00 0 
7fa9f96ec000-7fa9f974f000 ---p 00000000 00:00 0 
7fa9f974f000-7fa9f97fa000 rw-p 00000000 00:00 0 
7fa9f97fa000-7fa9f982c000 rw-p 00000000 00:00 0 
7fa9f982c000-7fa9f9bbb000 ---p 00000000 00:00 0 
7fa9f9bbb000-7fa9f9bd5000 r-xp 00000000 08:01 4219003                    /usr/lib/jvm/java-8-oracle/jre/lib/amd64/libzip.so
7fa9f9bd5000-7fa9f9dd5000 ---p 0001a000 08:01 4219003                    /usr/lib/jvm/java-8-oracle/jre/lib/amd64/libzip.so
7fa9f9dd5000-7fa9f9dd6000 rw-p 0001a000 08:01 4219003                    /usr/lib/jvm/java-8-oracle/jre/lib/amd64/libzip.so
7fa9f9dd6000-7fa9f9de0000 r-xp 00000000 08:01 791959                     /lib/x86_64-linux-gnu/libnss_files-2.19.so
7fa9f9de0000-7fa9f9fdf000 ---p 0000a000 08:01 791959                     /lib/x86_64-linux-gnu/libnss_files-2.19.so
7fa9f9fdf000-7fa9f9fe0000 r--p 00009000 08:01 791959                     /lib/x86_64-linux-gnu/libnss_files-2.19.so
7fa9f9fe0000-7fa9f9fe1000 rw-p 0000a000 08:01 791959                     /lib/x86_64-linux-gnu/libnss_files-2.19.so
7fa9f9fe1000-7fa9f9fec000 r-xp 00000000 08:01 791951                     /lib/x86_64-linux-gnu/libnss_nis-2.19.so
7fa9f9fec000-7fa9fa1eb000 ---p 0000b000 08:01 791951                     /lib/x86_64-linux-gnu/libnss_nis-2.19.so
7fa9fa1eb000-7fa9fa1ec000 r--p 0000a000 08:01 791951                     /lib/x86_64-linux-gnu/libnss_nis-2.19.so
7fa9fa1ec000-7fa9fa1ed000 rw-p 0000b000 08:01 791951                     /lib/x86_64-linux-gnu/libnss_nis-2.19.so
7fa9fa1ed000-7fa9fa204000 r-xp 00000000 08:01 791947                     /lib/x86_64-linux-gnu/libnsl-2.19.so
7fa9fa204000-7fa9fa403000 ---p 00017000 08:01 791947                     /lib/x86_64-linux-gnu/libnsl-2.19.so
7fa9fa403000-7fa9fa404000 r--p 00016000 08:01 791947                     /lib/x86_64-linux-gnu/libnsl-2.19.so
7fa9fa404000-7fa9fa405000 rw-p 00017000 08:01 791947                     /lib/x86_64-linux-gnu/libnsl-2.19.so
7fa9fa405000-7fa9fa407000 rw-p 00000000 00:00 0 
7fa9fa407000-7fa9fa410000 r-xp 00000000 08:01 791946                     /lib/x86_64-linux-gnu/libnss_compat-2.19.so
7fa9fa410000-7fa9fa60f000 ---p 00009000 08:01 791946                     /lib/x86_64-linux-gnu/libnss_compat-2.19.so
7fa9fa60f000-7fa9fa610000 r--p 00008000 08:01 791946                     /lib/x86_64-linux-gnu/libnss_compat-2.19.so
7fa9fa610000-7fa9fa611000 rw-p 00009000 08:01 791946                     /lib/x86_64-linux-gnu/libnss_compat-2.19.so
7fa9fa611000-7fa9fa63b000 r-xp 00000000 08:01 4219033                    /usr/lib/jvm/java-8-oracle/jre/lib/amd64/libjava.so
7fa9fa63b000-7fa9fa83b000 ---p 0002a000 08:01 4219033                    /usr/lib/jvm/java-8-oracle/jre/lib/amd64/libjava.so
7fa9fa83b000-7fa9fa83d000 rw-p 0002a000 08:01 4219033                    /usr/lib/jvm/java-8-oracle/jre/lib/amd64/libjava.so
7fa9fa83d000-7fa9fa84a000 r-xp 00000000 08:01 4220434                    /usr/lib/jvm/java-8-oracle/jre/lib/amd64/libverify.so
7fa9fa84a000-7fa9faa4a000 ---p 0000d000 08:01 4220434                    /usr/lib/jvm/java-8-oracle/jre/lib/amd64/libverify.so
7fa9faa4a000-7fa9faa4c000 rw-p 0000d000 08:01 4220434                    /usr/lib/jvm/java-8-oracle/jre/lib/amd64/libverify.so
7fa9faa4c000-7fa9faa53000 r-xp 00000000 08:01 791955                     /lib/x86_64-linux-gnu/librt-2.19.so
7fa9faa53000-7fa9fac52000 ---p 00007000 08:01 791955                     /lib/x86_64-linux-gnu/librt-2.19.so
7fa9fac52000-7fa9fac53000 r--p 00006000 08:01 791955                     /lib/x86_64-linux-gnu/librt-2.19.so
7fa9fac53000-7fa9fac54000 rw-p 00007000 08:01 791955                     /lib/x86_64-linux-gnu/librt-2.19.so
7fa9fac54000-7fa9fad59000 r-xp 00000000 08:01 791939                     /lib/x86_64-linux-gnu/libm-2.19.so
7fa9fad59000-7fa9faf58000 ---p 00105000 08:01 791939                     /lib/x86_64-linux-gnu/libm-2.19.so
7fa9faf58000-7fa9faf59000 r--p 00104000 08:01 791939                     /lib/x86_64-linux-gnu/libm-2.19.so
7fa9faf59000-7fa9faf5a000 rw-p 00105000 08:01 791939                     /lib/x86_64-linux-gnu/libm-2.19.so
7fa9faf5a000-7fa9fbc1a000 r-xp 00000000 08:01 4219035                    /usr/lib/jvm/java-8-oracle/jre/lib/amd64/server/libjvm.so
7fa9fbc1a000-7fa9fbe1a000 ---p 00cc0000 08:01 4219035                    /usr/lib/jvm/java-8-oracle/jre/lib/amd64/server/libjvm.so
7fa9fbe1a000-7fa9fbef2000 rw-p 00cc0000 08:01 4219035                    /usr/lib/jvm/java-8-oracle/jre/lib/amd64/server/libjvm.so
7fa9fbef2000-7fa9fbf3d000 rw-p 00000000 00:00 0 
7fa9fbf3d000-7fa9fc0f7000 r-xp 00000000 08:01 791956                     /lib/x86_64-linux-gnu/libc-2.19.so
7fa9fc0f7000-7fa9fc2f7000 ---p 001ba000 08:01 791956                     /lib/x86_64-linux-gnu/libc-2.19.so
7fa9fc2f7000-7fa9fc2fb000 r--p 001ba000 08:01 791956                     /lib/x86_64-linux-gnu/libc-2.19.so
7fa9fc2fb000-7fa9fc2fd000 rw-p 001be000 08:01 791956                     /lib/x86_64-linux-gnu/libc-2.19.so
7fa9fc2fd000-7fa9fc302000 rw-p 00000000 00:00 0 
7fa9fc302000-7fa9fc305000 r-xp 00000000 08:01 791943                     /lib/x86_64-linux-gnu/libdl-2.19.so
7fa9fc305000-7fa9fc504000 ---p 00003000 08:01 791943                     /lib/x86_64-linux-gnu/libdl-2.19.so
7fa9fc504000-7fa9fc505000 r--p 00002000 08:01 791943                     /lib/x86_64-linux-gnu/libdl-2.19.so
7fa9fc505000-7fa9fc506000 rw-p 00003000 08:01 791943                     /lib/x86_64-linux-gnu/libdl-2.19.so
7fa9fc506000-7fa9fc51b000 r-xp 00000000 08:01 3417243                    /usr/lib/jvm/java-8-oracle/lib/amd64/jli/libjli.so
7fa9fc51b000-7fa9fc71b000 ---p 00015000 08:01 3417243                    /usr/lib/jvm/java-8-oracle/lib/amd64/jli/libjli.so
7fa9fc71b000-7fa9fc71c000 rw-p 00015000 08:01 3417243                    /usr/lib/jvm/java-8-oracle/lib/amd64/jli/libjli.so
7fa9fc71c000-7fa9fc735000 r-xp 00000000 08:01 791948                     /lib/x86_64-linux-gnu/libpthread-2.19.so
7fa9fc735000-7fa9fc934000 ---p 00019000 08:01 791948                     /lib/x86_64-linux-gnu/libpthread-2.19.so
7fa9fc934000-7fa9fc935000 r--p 00018000 08:01 791948                     /lib/x86_64-linux-gnu/libpthread-2.19.so
7fa9fc935000-7fa9fc936000 rw-p 00019000 08:01 791948                     /lib/x86_64-linux-gnu/libpthread-2.19.so
7fa9fc936000-7fa9fc93a000 rw-p 00000000 00:00 0 
7fa9fc93a000-7fa9fc95d000 r-xp 00000000 08:01 791949                     /lib/x86_64-linux-gnu/ld-2.19.so
7fa9fc961000-7fa9fca3b000 rw-p 00000000 00:00 0 
7fa9fca3b000-7fa9fca3e000 ---p 00000000 00:00 0 
7fa9fca3e000-7fa9fcb40000 rw-p 00000000 00:00 0 
7fa9fcb40000-7fa9fcb41000 r--p 00000000 08:01 4213850                    /usr/share/locale-langpack/en_GB/LC_MESSAGES/libc.mo
7fa9fcb41000-7fa9fcb50000 r--s 000df000 08:01 2497053                    /home/kathure/Android/Sdk/build-tools/23.0.3/lib/dx.jar
7fa9fcb50000-7fa9fcb58000 rw-s 00000000 08:01 131825                     /tmp/hsperfdata_kathure/14618
7fa9fcb58000-7fa9fcb59000 rw-p 00000000 00:00 0 
7fa9fcb59000-7fa9fcb5a000 ---p 00000000 00:00 0 
7fa9fcb5a000-7fa9fcb5c000 rw-p 00000000 00:00 0 
7fa9fcb5c000-7fa9fcb5d000 r--p 00022000 08:01 791949                     /lib/x86_64-linux-gnu/ld-2.19.so
7fa9fcb5d000-7fa9fcb5e000 rw-p 00023000 08:01 791949                     /lib/x86_64-linux-gnu/ld-2.19.so
7fa9fcb5e000-7fa9fcb5f000 rw-p 00000000 00:00 0 
7ffc54614000-7ffc54636000 rw-p 00000000 00:00 0                          [stack]
7ffc546e8000-7ffc546ea000 r--p 00000000 00:00 0                          [vvar]
7ffc546ea000-7ffc546ec000 r-xp 00000000 00:00 0                          [vdso]
ffffffffff600000-ffffffffff601000 r-xp 00000000 00:00 0                  [vsyscall]

VM Arguments:
jvm_args: -Djava.awt.headless=true -Xmx1024M -Dfile.encoding=UTF-8 -Duser.country=GB -Duser.language=en -Duser.variant 
java_command: com.android.dx.command.Main --dex --num-threads=4 --multi-dex --main-dex-list /home/kathure/AndroidStudioProjects/Checkout/app/build/intermediates/multi-dex/debug/maindexlist.txt --output /home/kathure/AndroidStudioProjects/Checkout/app/build/intermediates/transforms/dex/debug/folders/1000/1f/main /home/kathure/AndroidStudioProjects/Checkout/app/build/intermediates/transforms/jarMerging/debug/jars/1/1f/combined.jar
java_class_path (initial): /home/kathure/Android/Sdk/build-tools/23.0.3/lib/dx.jar
Launcher Type: SUN_STANDARD

Environment Variables:
JAVA_HOME=path/to/a/folder/with/JDK/jdk1.8.0_60
PATH=/usr/local/sbin:/usr/local/bin:/usr/sbin:/usr/bin:/sbin:/bin:/usr/games:/usr/local/games:/usr/lib/jvm/java-8-oracle/bin:/usr/lib/jvm/java-8-oracle/db/bin:/usr/lib/jvm/java-8-oracle/jre/bin
LD_LIBRARY_PATH=.:
SHELL=/bin/bash
DISPLAY=:0

Signal Handlers:
SIGSEGV: [libjvm.so+0xabca10], sa_mask[0]=11111111011111111101111111111110, sa_flags=SA_RESTART|SA_SIGINFO
SIGBUS: [libjvm.so+0xabca10], sa_mask[0]=11111111011111111101111111111110, sa_flags=SA_RESTART|SA_SIGINFO
SIGFPE: [libjvm.so+0x919a20], sa_mask[0]=11111111011111111101111111111110, sa_flags=SA_RESTART|SA_SIGINFO
SIGPIPE: [libjvm.so+0x919a20], sa_mask[0]=11111111011111111101111111111110, sa_flags=SA_RESTART|SA_SIGINFO
SIGXFSZ: [libjvm.so+0x919a20], sa_mask[0]=11111111011111111101111111111110, sa_flags=SA_RESTART|SA_SIGINFO
SIGILL: [libjvm.so+0x919a20], sa_mask[0]=11111111011111111101111111111110, sa_flags=SA_RESTART|SA_SIGINFO
SIGUSR1: SIG_DFL, sa_mask[0]=00000000000000000000000000000000, sa_flags=none
SIGUSR2: [libjvm.so+0x91b050], sa_mask[0]=00100000000000000000000000000000, sa_flags=SA_RESTART|SA_SIGINFO
SIGHUP: [libjvm.so+0x91c450], sa_mask[0]=11111111011111111101111111111110, sa_flags=SA_RESTART|SA_SIGINFO
SIGINT: [libjvm.so+0x91c450], sa_mask[0]=11111111011111111101111111111110, sa_flags=SA_RESTART|SA_SIGINFO
SIGTERM: [libjvm.so+0x91c450], sa_mask[0]=11111111011111111101111111111110, sa_flags=SA_RESTART|SA_SIGINFO
SIGQUIT: [libjvm.so+0x91c450], sa_mask[0]=11111111011111111101111111111110, sa_flags=SA_RESTART|SA_SIGINFO


---------------  S Y S T E M  ---------------

OS:DISTRIB_ID="elementary OS"
DISTRIB_RELEASE=0.3.2
DISTRIB_CODENAME=freya
DISTRIB_DESCRIPTION="elementary OS Freya"

uname:Linux 3.19.0-61-generic #69~14.04.1-Ubuntu SMP Thu Jun 9 09:09:13 UTC 2016 x86_64
libc:glibc 2.19 NPTL 2.19 
rlimit: STACK 8192k, CORE 0k, NPROC 15468, NOFILE 4096, AS infinity
load average:3.96 4.81 4.66

/proc/meminfo:
MemTotal:        3990692 kB
MemFree:          128756 kB
MemAvailable:      96300 kB
Buffers:            1900 kB
Cached:           142852 kB
SwapCached:        16796 kB
Active:          2855512 kB
Inactive:         795828 kB
Active(anon):    2812076 kB
Inactive(anon):   773604 kB
Active(file):      43436 kB
Inactive(file):    22224 kB
Unevictable:         160 kB
Mlocked:             160 kB
SwapTotal:       4136956 kB
SwapFree:           8236 kB
Dirty:               204 kB
Writeback:             0 kB
AnonPages:       3490872 kB
Mapped:            71760 kB
Shmem:             79024 kB
Slab:              77556 kB
SReclaimable:      38368 kB
SUnreclaim:        39188 kB
KernelStack:       12256 kB
PageTables:        63960 kB
NFS_Unstable:          0 kB
Bounce:                0 kB
WritebackTmp:          0 kB
CommitLimit:     6132300 kB
Committed_AS:   13965312 kB
VmallocTotal:   34359738367 kB
VmallocUsed:      546100 kB
VmallocChunk:   34359187756 kB
HardwareCorrupted:     0 kB
AnonHugePages:    385024 kB
CmaTotal:              0 kB
CmaFree:               0 kB
HugePages_Total:       0
HugePages_Free:        0
HugePages_Rsvd:        0
HugePages_Surp:        0
Hugepagesize:       2048 kB
DirectMap4k:      190284 kB
DirectMap2M:     3948544 kB


CPU:total 4 (2 cores per cpu, 2 threads per core) family 6 model 42 stepping 7, cmov, cx8, fxsr, mmx, sse, sse2, sse3, ssse3, sse4.1, sse4.2, popcnt, avx, aes, clmul, ht, tsc, tscinvbit

/proc/cpuinfo:
processor	: 0
vendor_id	: GenuineIntel
cpu family	: 6
model		: 42
model name	: Intel(R) Core(TM) i5-2467M CPU @ 1.60GHz
stepping	: 7
microcode	: 0x25
cpu MHz		: 1644.875
cache size	: 3072 KB
physical id	: 0
siblings	: 4
core id		: 0
cpu cores	: 2
apicid		: 0
initial apicid	: 0
fpu		: yes
fpu_exception	: yes
cpuid level	: 13
wp		: yes
flags		: fpu vme de pse tsc msr pae mce cx8 apic sep mtrr pge mca cmov pat pse36 clflush dts acpi mmx fxsr sse sse2 ss ht tm pbe syscall nx rdtscp lm constant_tsc arch_perfmon pebs bts rep_good nopl xtopology nonstop_tsc aperfmperf eagerfpu pni pclmulqdq dtes64 monitor ds_cpl vmx est tm2 ssse3 cx16 xtpr pdcm pcid sse4_1 sse4_2 x2apic popcnt tsc_deadline_timer aes xsave avx lahf_lm ida arat epb pln pts dtherm tpr_shadow vnmi flexpriority ept vpid xsaveopt
bugs		:
bogomips	: 3192.61
clflush size	: 64
cache_alignment	: 64
address sizes	: 36 bits physical, 48 bits virtual
power management:

processor	: 1
vendor_id	: GenuineIntel
cpu family	: 6
model		: 42
model name	: Intel(R) Core(TM) i5-2467M CPU @ 1.60GHz
stepping	: 7
microcode	: 0x25
cpu MHz		: 1898.875
cache size	: 3072 KB
physical id	: 0
siblings	: 4
core id		: 0
cpu cores	: 2
apicid		: 1
initial apicid	: 1
fpu		: yes
fpu_exception	: yes
cpuid level	: 13
wp		: yes
flags		: fpu vme de pse tsc msr pae mce cx8 apic sep mtrr pge mca cmov pat pse36 clflush dts acpi mmx fxsr sse sse2 ss ht tm pbe syscall nx rdtscp lm constant_tsc arch_perfmon pebs bts rep_good nopl xtopology nonstop_tsc aperfmperf eagerfpu pni pclmulqdq dtes64 monitor ds_cpl vmx est tm2 ssse3 cx16 xtpr pdcm pcid sse4_1 sse4_2 x2apic popcnt tsc_deadline_timer aes xsave avx lahf_lm ida arat epb pln pts dtherm tpr_shadow vnmi flexpriority ept vpid xsaveopt
bugs		:
bogomips	: 3192.61
clflush size	: 64
cache_alignment	: 64
address sizes	: 36 bits physical, 48 bits virtual
power management:

processor	: 2
vendor_id	: GenuineIntel
cpu family	: 6
model		: 42
model name	: Intel(R) Core(TM) i5-2467M CPU @ 1.60GHz
stepping	: 7
microcode	: 0x25
cpu MHz		: 1705.812
cache size	: 3072 KB
physical id	: 0
siblings	: 4
core id		: 1
cpu cores	: 2
apicid		: 2
initial apicid	: 2
fpu		: yes
fpu_exception	: yes
cpuid level	: 13
wp		: yes
flags		: fpu vme de pse tsc msr pae mce cx8 apic sep mtrr pge mca cmov pat pse36 clflush dts acpi mmx fxsr sse sse2 ss ht tm pbe syscall nx rdtscp lm constant_tsc arch_perfmon pebs bts rep_good nopl xtopology nonstop_tsc aperfmperf eagerfpu pni pclmulqdq dtes64 monitor ds_cpl vmx est tm2 ssse3 cx16 xtpr pdcm pcid sse4_1 sse4_2 x2apic popcnt tsc_deadline_timer aes xsave avx lahf_lm ida arat epb pln pts dtherm tpr_shadow vnmi flexpriority ept vpid xsaveopt
bugs		:
bogomips	: 3192.61
clflush size	: 64
cache_alignment	: 64
address sizes	: 36 bits physical, 48 bits virtual
power management:

processor	: 3
vendor_id	: GenuineIntel
cpu family	: 6
model		: 42
model name	: Intel(R) Core(TM) i5-2467M CPU @ 1.60GHz
stepping	: 7
microcode	: 0x25
cpu MHz		: 1808.875
cache size	: 3072 KB
physical id	: 0
siblings	: 4
core id		: 1
cpu cores	: 2
apicid		: 3
initial apicid	: 3
fpu		: yes
fpu_exception	: yes
cpuid level	: 13
wp		: yes
flags		: fpu vme de pse tsc msr pae mce cx8 apic sep mtrr pge mca cmov pat pse36 clflush dts acpi mmx fxsr sse sse2 ss ht tm pbe syscall nx rdtscp lm constant_tsc arch_perfmon pebs bts rep_good nopl xtopology nonstop_tsc aperfmperf eagerfpu pni pclmulqdq dtes64 monitor ds_cpl vmx est tm2 ssse3 cx16 xtpr pdcm pcid sse4_1 sse4_2 x2apic popcnt tsc_deadline_timer aes xsave avx lahf_lm ida arat epb pln pts dtherm tpr_shadow vnmi flexpriority ept vpid xsaveopt
bugs		:
bogomips	: 3192.61
clflush size	: 64
cache_alignment	: 64
address sizes	: 36 bits physical, 48 bits virtual
power management:



Memory: 4k page, physical 3990692k(128756k free), swap 4136956k(8248k free)

vm_info: Java HotSpot(TM) 64-Bit Server VM (25.91-b14) for linux-amd64 JRE (1.8.0_91-b14), built on Apr  1 2016 00:57:21 by "java_re" with gcc 4.3.0 20080428 (Red Hat 4.3.0-8)

time: Tue Jul  5 12:41:34 2016
elapsed time: 34 seconds (0d 0h 0m 34s)

